
> recovery-journey@1.0.0 build
> vite build

[36mvite v5.4.21 [32mbuilding for production...[36m[39m
transforming...
[32m✓[39m 3330 modules transformed.
rendering chunks...
computing gzip size...
[2mdist/[22m[32mindex.html                               [39m[1m[2m  2.77 kB[22m[1m[22m[2m │ gzip:   1.13 kB[22m
[2mdist/[22m[35massets/index-DltzAK0n.css                [39m[1m[2m209.87 kB[22m[1m[22m[2m │ gzip:  27.64 kB[22m
[2mdist/[22m[36massets/react-vendor-2qR1Y6lk.js          [39m[1m[2m  0.03 kB[22m[1m[22m[2m │ gzip:   0.05 kB[22m
[2mdist/[22m[36massets/plus-CqFnGxP2.js                  [39m[1m[2m  0.32 kB[22m[1m[22m[2m │ gzip:   0.26 kB[22m
[2mdist/[22m[36massets/star-QFP_3IpE.js                  [39m[1m[2m  0.38 kB[22m[1m[22m[2m │ gzip:   0.29 kB[22m
[2mdist/[22m[36massets/mail-C2mvkCFw.js                  [39m[1m[2m  0.38 kB[22m[1m[22m[2m │ gzip:   0.30 kB[22m
[2mdist/[22m[36massets/target-XABYhJRi.js                [39m[1m[2m  0.39 kB[22m[1m[22m[2m │ gzip:   0.26 kB[22m
[2mdist/[22m[36massets/triangle-alert-Bdw99ZtT.js        [39m[1m[2m  0.43 kB[22m[1m[22m[2m │ gzip:   0.31 kB[22m
[2mdist/[22m[36massets/flame-DMAYUExN.js                 [39m[1m[2m  0.45 kB[22m[1m[22m[2m │ gzip:   0.33 kB[22m
[2mdist/[22m[36massets/apple-CmoOCMa2.js                 [39m[1m[2m  0.49 kB[22m[1m[22m[2m │ gzip:   0.35 kB[22m
[2mdist/[22m[36massets/trash-2-B864lCbj.js               [39m[1m[2m  0.53 kB[22m[1m[22m[2m │ gzip:   0.35 kB[22m
[2mdist/[22m[36massets/circle-DeZMTqhr.js                [39m[1m[2m  0.59 kB[22m[1m[22m[2m │ gzip:   0.29 kB[22m
[2mdist/[22m[36massets/trophy-1KEkLnpK.js                [39m[1m[2m  0.63 kB[22m[1m[22m[2m │ gzip:   0.39 kB[22m
[2mdist/[22m[36massets/sun-CTi-xkUx.js                   [39m[1m[2m  0.64 kB[22m[1m[22m[2m │ gzip:   0.36 kB[22m
[2mdist/[22m[36massets/EmptyState-EBkxDuW4.js            [39m[1m[2m  0.73 kB[22m[1m[22m[2m │ gzip:   0.43 kB[22m
[2mdist/[22m[36massets/web-hUuF8KOX.js                   [39m[1m[2m  0.85 kB[22m[1m[22m[2m │ gzip:   0.41 kB[22m
[2mdist/[22m[36massets/tabs-doNiU4MU.js                  [39m[1m[2m  1.34 kB[22m[1m[22m[2m │ gzip:   0.58 kB[22m
[2mdist/[22m[36massets/utils-app-7uQ0CDvO.js             [39m[1m[2m  1.90 kB[22m[1m[22m[2m │ gzip:   0.85 kB[22m
[2mdist/[22m[36massets/web-oAjX9Kty.js                   [39m[1m[2m  3.53 kB[22m[1m[22m[2m │ gzip:   1.15 kB[22m
[2mdist/[22m[36massets/select-B3Wwa1r9.js                [39m[1m[2m  4.08 kB[22m[1m[22m[2m │ gzip:   1.46 kB[22m
[2mdist/[22m[36massets/checkbox-BF0167Yn.js              [39m[1m[2m  4.12 kB[22m[1m[22m[2m │ gzip:   1.79 kB[22m
[2mdist/[22m[36massets/LoadingSkeletons-BeU6Q_GW.js      [39m[1m[2m  4.41 kB[22m[1m[22m[2m │ gzip:   1.00 kB[22m
[2mdist/[22m[36massets/ContactsScreen-BJAXJEAC.js        [39m[1m[2m  4.60 kB[22m[1m[22m[2m │ gzip:   1.66 kB[22m
[2mdist/[22m[36massets/HALTCheck-ePSR6nVM.js             [39m[1m[2m  6.04 kB[22m[1m[22m[2m │ gzip:   2.56 kB[22m
[2mdist/[22m[36massets/constants-CW3NVOTT.js             [39m[1m[2m  7.86 kB[22m[1m[22m[2m │ gzip:   2.20 kB[22m
[2mdist/[22m[36massets/slider-Xbqb2WPc.js                [39m[1m[2m  8.91 kB[22m[1m[22m[2m │ gzip:   3.52 kB[22m
[2mdist/[22m[36massets/GoalsScreen-DZBCjpvk.js           [39m[1m[2m 12.07 kB[22m[1m[22m[2m │ gzip:   3.62 kB[22m
[2mdist/[22m[36massets/celebrations-CVmRg43Z.js          [39m[1m[2m 12.18 kB[22m[1m[22m[2m │ gzip:   4.87 kB[22m
[2mdist/[22m[36massets/JournalScreen-Bu3TFHEG.js         [39m[1m[2m 15.14 kB[22m[1m[22m[2m │ gzip:   3.65 kB[22m
[2mdist/[22m[36massets/CalendarScreen-9utKlOvb.js        [39m[1m[2m 17.33 kB[22m[1m[22m[2m │ gzip:   5.23 kB[22m
[2mdist/[22m[36massets/RelapseTrackerScreen-lEiNStMZ.js  [39m[1m[2m 17.53 kB[22m[1m[22m[2m │ gzip:   4.90 kB[22m
[2mdist/[22m[36massets/TrafficLightScreen-Bp8ymP2f.js    [39m[1m[2m 17.60 kB[22m[1m[22m[2m │ gzip:   3.66 kB[22m
[2mdist/[22m[36massets/purify.es-B6FQ9oRL.js             [39m[1m[2m 22.57 kB[22m[1m[22m[2m │ gzip:   8.74 kB[22m
[2mdist/[22m[36massets/PreventionScreen-BSWO2Lzp.js      [39m[1m[2m 22.96 kB[22m[1m[22m[2m │ gzip:   4.96 kB[22m
[2mdist/[22m[36massets/WellnessScreen-Q_MKTTXo.js        [39m[1m[2m 26.57 kB[22m[1m[22m[2m │ gzip:   5.57 kB[22m
[2mdist/[22m[36massets/HomeScreen-BnuhxnDb.js            [39m[1m[2m 34.79 kB[22m[1m[22m[2m │ gzip:   9.94 kB[22m
[2mdist/[22m[36massets/AnalyticsScreen-BOdQ46TQ.js       [39m[1m[2m 57.26 kB[22m[1m[22m[2m │ gzip:  13.76 kB[22m
[2mdist/[22m[36massets/SettingsScreen-whL5TgG-.js        [39m[1m[2m 77.19 kB[22m[1m[22m[2m │ gzip:  19.81 kB[22m
[2mdist/[22m[36massets/ui-vendor-aUINIPaW.js             [39m[1m[2m 81.13 kB[22m[1m[22m[2m │ gzip:  28.45 kB[22m
[2mdist/[22m[36massets/SkillsScreen-ClTRlBln.js          [39m[1m[2m 83.65 kB[22m[1m[22m[2m │ gzip:  21.16 kB[22m
[2mdist/[22m[36massets/index.es-8RP3nCWI.js              [39m[1m[2m150.49 kB[22m[1m[22m[2m │ gzip:  51.44 kB[22m
[2mdist/[22m[36massets/index-BaQ_tqPJ.js                 [39m[1m[2m302.55 kB[22m[1m[22m[2m │ gzip:  95.11 kB[22m
[2mdist/[22m[36massets/recharts-CvqHD4Df.js              [39m[1m[33m552.36 kB[39m[22m[2m │ gzip: 156.06 kB[22m
[2mdist/[22m[36massets/pdf-export-Byjp2V13.js            [39m[1m[33m590.57 kB[39m[22m[2m │ gzip: 175.85 kB[22m
[33m
(!) Some chunks are larger than 500 kB after minification. Consider:
- Using dynamic import() to code-split the application
- Use build.rollupOptions.output.manualChunks to improve chunking: https://rollupjs.org/configuration-options/#output-manualchunks
- Adjust chunk size limit for this warning via build.chunkSizeWarningLimit.[39m
[32m✓ built in 5.03s[39m
